Start time: 18:12:57 on May 21,2025
qverilog ../tb/test_random.sv 
-- Compiling module test_random
** Warning: ../tb/test_random.sv(72): (qverilog-2244) Variable 'alu_obj' is implicitly static. You must either explicitly declare it as static or automatic
or remove the initialization in the declaration of variable.

Top level modules:
	test_random
# vsim -lib work work.test_random -c -do "run -all; quit -f" -appendlog -l qverilog.log -vopt 
# ** Note: (vsim-3812) Design is being optimized...
# ** Warning: ../tb/test_random.sv(72): (vopt-2244) Variable 'alu_obj' is implicitly static. You must either explicitly declare it as static or automatic
# or remove the initialization in the declaration of variable.
# ** Note: (vsim-12126) Error and warning message counts have been restored: Errors=0, Warnings=2.
# //  Questa Sim-64
# //  Version 2022.1_2 linux_x86_64 Apr  2 2022
# //
# //  Copyright 1991-2022 Mentor Graphics Corporation
# //  All Rights Reserved.
# //
# //  QuestaSim and its associated documentation contain trade
# //  secrets and commercial or financial information that are the property of
# //  Mentor Graphics Corporation and are privileged, confidential,
# //  and exempt from disclosure under the Freedom of Information Act,
# //  5 U.S.C. Section 552. Furthermore, this information
# //  is prohibited from disclosure under the Trade Secrets Act,
# //  18 U.S.C. Section 1905.
# //
# Loading sv_std.std
# Loading work.test_random(fast)
# run -all
# The randomized data is ARITH,  8
# The randomized data is ARITH,  9
# The randomized data is ARITH,  6
# The randomized data is ARITH,  6
# The randomized data is SHIFT, 11
# The randomized data is ARITH,  8
# The randomized data is ARITH,  6
# The randomized data is ARITH,  6
# The randomized data is ARITH,  9
# The randomized data is ARITH,  6
#  quit -f
# End time: 18:12:58 on May 21,2025, Elapsed time: 0:00:01
# Errors: 0, Warnings: 2
