Start time: 20:00:34 on May 17,2025
qverilog ../tb/test_polymorphism.sv 
-- Compiling module test_polymorphism
** Warning: ../tb/test_polymorphism.sv(60): (qverilog-2244) Variable 'bpkt' is implicitly static. You must either explicitly declare it as static or automatic
or remove the initialization in the declaration of variable.
** Warning: ../tb/test_polymorphism.sv(61): (qverilog-2244) Variable 'pkt' is implicitly static. You must either explicitly declare it as static or automatic
or remove the initialization in the declaration of variable.

Top level modules:
	test_polymorphism
# vsim -lib work work.test_polymorphism -c -do "run -all; quit -f" -appendlog -l qverilog.log -vopt 
# ** Note: (vsim-3812) Design is being optimized...
# ** Warning: ../tb/test_polymorphism.sv(60): (vopt-2244) Variable 'bpkt' is implicitly static. You must either explicitly declare it as static or automatic
# or remove the initialization in the declaration of variable.
# ** Warning: ../tb/test_polymorphism.sv(61): (vopt-2244) Variable 'pkt' is implicitly static. You must either explicitly declare it as static or automatic
# or remove the initialization in the declaration of variable.
# ** Note: (vsim-12126) Error and warning message counts have been restored: Errors=0, Warnings=4.
# //  Questa Sim-64
# //  Version 2022.1_2 linux_x86_64 Apr  2 2022
# //
# //  Copyright 1991-2022 Mentor Graphics Corporation
# //  All Rights Reserved.
# //
# //  QuestaSim and its associated documentation contain trade
# //  secrets and commercial or financial information that are the property of
# //  Mentor Graphics Corporation and are privileged, confidential,
# //  and exempt from disclosure under the Freedom of Information Act,
# //  5 U.S.C. Section 552. Furthermore, this information
# //  is prohibited from disclosure under the Trade Secrets Act,
# //  18 U.S.C. Section 1905.
# //
# Loading sv_std.std
# Loading work.test_polymorphism(fast)
# run -all
# send is called from the object of class class test_polymorphism/packet_c class, and it is sending base class packet
# send is called from the object of class class test_polymorphism/badpacket_c class, and it is sending derived class packet
# send is called from the object of class class test_polymorphism/badpacket_c class, and it is sending derived class packet
#  quit -f
# End time: 20:00:35 on May 17,2025, Elapsed time: 0:00:01
# Errors: 0, Warnings: 4
